<?xml version="1.0" encoding="UTF-8"?>
<!-- Generated by org.testng.reporters.JUnitReportReporter -->
<testsuite hostname="DESKTOP-22VT4IT" failures="0" tests="1" name="General.TestClass" time="29.298" errors="0" timestamp="2022-12-12T16:09:31 IST" skipped="0">
  <testcase classname="General.TestClass" name="validateemailaddresspresent" time="29.298"/>
  <system-out/>
</testsuite> <!-- General.TestClass -->
